Time resolution is 1 ps
Current value:        0
Next error:      200
P gain:      300
Control signal:        0
Current value:      300
Next error:     -100
P gain:     -150
Control signal:       -1
Current value:      150
Next error:       50
P gain:       75
Control signal:        0
Current value:      225
Next error:      -25
P gain:      -37
Control signal:       -1
Current value:      188
Next error:       12
P gain:       18
Control signal:        0
Current value:      206
Next error:       -6
P gain:       -9
Control signal:       -1
Current value:      197
Next error:        3
P gain:        4
Control signal:        0
Current value:      201
Next error:       -1
P gain:       -1
Control signal:       -1
Current value:      200
Next error:        0
P gain:        0
Control signal:        0
Current value:      200
Next error:        0
P gain:        0
Control signal:        0
Current value:      200
Next error:        0
P gain:        0
Control signal:        0
Current value:      200
Next error:        0
P gain:        0
Control signal:        0
Current value:      200
Next error:        0
P gain:        0
Control signal:        0
Current value:      200
Next error:        0
P gain:        0
Control signal:        0
Current value:      200
Next error:        0
P gain:        0
Control signal:        0
Current value:      200
Next error:        0
P gain:        0
Control signal:        0
Current value:      200
Next error:        0
P gain:        0
Control signal:        0
Current value:      200
Next error:        0
P gain:        0
Control signal:        0
Current value:      200
Next error:        0
P gain:        0
Control signal:        0
Current value:      200
Next error:        0
P gain:        0
Control signal:        0
Current value:      200
Next error:        0
P gain:        0
Control signal:        0
Current value:      200
Next error:        0
P gain:        0
Control signal:        0
Current value:      200
Next error:        0
P gain:        0
Control signal:        0
Current value:      200
Next error:        0
P gain:        0
Control signal:        0
Current value:      200
Next error:        0
P gain:        0
Control signal:        0
Current value:      200
Next error:        0
P gain:        0
Control signal:        0
Current value:      200
Next error:        0
P gain:        0
Control signal:        0
Current value:      200
Next error:        0
P gain:        0
Control signal:        0
Current value:      200
Next error:        0
P gain:        0
Control signal:        0
Current value:      200
Next error:        0
P gain:        0
Control signal:        0
Current value:      200
Next error:        0
P gain:        0
Control signal:        0
Current value:      200
Next error:        0
P gain:        0
Control signal:        0
Current value:      200
Next error:        0
P gain:        0
Control signal:        0
Current value:      200
Next error:        0
P gain:        0
Control signal:        0
Current value:      200
Next error:        0
P gain:        0
Control signal:        0
Current value:      200
Next error:        0
P gain:        0
Control signal:        0
Current value:      200
Next error:        0
P gain:        0
Control signal:        0
Current value:      200
Next error:        0
P gain:        0
Control signal:        0
Current value:      200
Next error:        0
P gain:        0
Control signal:        0
Current value:      200
Next error:        0
P gain:        0
Control signal:        0
Current value:      200
Next error:        0
P gain:        0
Control signal:        0
Current value:      200
Next error:        0
P gain:        0
Control signal:        0
Current value:      200
Next error:        0
P gain:        0
Control signal:        0
Current value:      200
Next error:        0
P gain:        0
Control signal:        0
Current value:      200
Next error:        0
P gain:        0
Control signal:        0
Current value:      200
Next error:        0
P gain:        0
Control signal:        0
Current value:      200
Next error:        0
P gain:        0
Control signal:        0
Current value:      200
Next error:        0
P gain:        0
Control signal:        0
Current value:      200
Next error:        0
P gain:        0
Control signal:        0
Current value:      200
Next error:        0
P gain:        0
Control signal:        0
Current value:      200
Next error:        0
P gain:        0
Control signal:        0
Current value:      200
Next error:        0
P gain:        0
Control signal:        0
Current value:      200
Next error:        0
P gain:        0
Control signal:        0
Current value:      200
Next error:        0
P gain:        0
Control signal:        0
Current value:      200
Next error:        0
P gain:        0
Control signal:        0
Current value:      200
Next error:        0
P gain:        0
Control signal:        0
Current value:      200
Next error:        0
P gain:        0
Control signal:        0
Current value:      200
Next error:        0
P gain:        0
Control signal:        0
Current value:      200
Next error:        0
P gain:        0
Control signal:        0
Current value:      200
Next error:        0
P gain:        0
Control signal:        0
Current value:      200
Next error:        0
P gain:        0
Control signal:        0
Current value:      200
Next error:        0
P gain:        0
Control signal:        0
Current value:      200
Next error:        0
P gain:        0
Control signal:        0
Current value:      200
Next error:        0
P gain:        0
Control signal:        0
Current value:      200
Next error:        0
P gain:        0
Control signal:        0
Current value:      200
Next error:        0
P gain:        0
Control signal:        0
Current value:      200
Next error:        0
P gain:        0
Control signal:        0
Current value:      200
Next error:        0
P gain:        0
Control signal:        0
Current value:      200
Next error:        0
P gain:        0
Control signal:        0
Current value:      200
Next error:        0
P gain:        0
Control signal:        0
Current value:      200
Next error:        0
P gain:        0
Control signal:        0
Current value:      200
Next error:        0
P gain:        0
Control signal:        0
Current value:      200
Next error:        0
P gain:        0
Control signal:        0
Current value:      200
Next error:        0
P gain:        0
Control signal:        0
Current value:      200
Next error:        0
P gain:        0
Control signal:        0
Current value:      200
Next error:        0
P gain:        0
Control signal:        0
Current value:      200
Next error:        0
P gain:        0
Control signal:        0
Current value:      200
Next error:        0
P gain:        0
Control signal:        0
Current value:      200
Next error:        0
P gain:        0
Control signal:        0
Current value:      200
Next error:        0
P gain:        0
Control signal:        0
Current value:      200
Next error:        0
P gain:        0
Control signal:        0
Current value:      200
Next error:        0
P gain:        0
Control signal:        0
Current value:      200
Next error:        0
P gain:        0
Control signal:        0
Current value:      200
Next error:        0
P gain:        0
Control signal:        0
Current value:      200
Next error:        0
P gain:        0
Control signal:        0
Current value:      200
Next error:        0
P gain:        0
Control signal:        0
Current value:      200
Next error:        0
P gain:        0
Control signal:        0
Current value:      200
Next error:        0
P gain:        0
Control signal:        0
Current value:      200
Next error:        0
P gain:        0
Control signal:        0
Current value:      200
Next error:        0
P gain:        0
Control signal:        0
Current value:      200
Next error:        0
P gain:        0
Control signal:        0
Current value:      200
Next error:        0
P gain:        0
Control signal:        0
Current value:      200
Next error:        0
P gain:        0
Control signal:        0
Current value:      200
Next error:        0
P gain:        0
Control signal:        0
Current value:      200
Next error:        0
P gain:        0
Control signal:        0
Current value:      200
Next error:        0
P gain:        0
Control signal:        0
Current value:      200
Next error:        0
P gain:        0
Control signal:        0
